生成启动时间为 2019/3/25 11:02:10。
     1>项目“D:\PayAccountPro\PayAccount\PayAccount\PayAccount.vcxproj”在节点 2 上(rebuild 个目标)。
     1>_PrepareForClean:
         正在删除文件“Release\PayAccount.lastbuildstate”。
       InitializeBuildStatus:
         正在创建“Release\PayAccount.unsuccessfulbuild”，因为已指定“AlwaysCreate”。
       ClCompile:
         d:\VS2010\VC\bin\CL.exe /c /Icommon /ID:\PayAccountPro\PayAccount\PayAccount\jsonCpp\include /Zi /nologo /W3 /WX- /O2 /Oi /Oy- /GL /D WIN32 /D _WINDOWS /D NDEBUG /D _UNICODE /D UNICODE /Gm- /EHsc /MT /GS /Gy /fp:precise /Zc:wchar_t /Zc:forScope /Yc"StdAfx.h" /Fp"Release\PayAccount.pch" /Fo"Release\\" /Fd"Release\vc100.pdb" /Gd /TP /analyze- /errorReport:prompt stdafx.cpp
         stdafx.cpp
         d:\VS2010\VC\bin\CL.exe /c /Icommon /ID:\PayAccountPro\PayAccount\PayAccount\jsonCpp\include /Zi /nologo /W3 /WX- /O2 /Oi /Oy- /GL /D WIN32 /D _WINDOWS /D NDEBUG /D _UNICODE /D UNICODE /Gm- /EHsc /MT /GS /Gy /fp:precise /Zc:wchar_t /Zc:forScope /Yu"StdAfx.h" /Fp"Release\PayAccount.pch" /Fo"Release\\" /Fd"Release\vc100.pdb" /Gd /TP /analyze- /errorReport:prompt ..\common\common.cpp ..\common\EditSet.cpp ..\common\globle.cpp AddBookDlg.cpp AddProDlg.cpp AddStaffDlg.cpp AddUserDlg.cpp BookMngDlg.cpp DaiNumberPayDlg.cpp Detail_ListCtrl.cpp DianYePayDlg.cpp LockDlg.cpp LoginDlg.cpp MdfPwdDlg.cpp MyListCtrl.cpp OtherProDlg.cpp OtherProListCtrl.cpp PayAccount.cpp PayAccountDlg.cpp MonthCheckDlg.cpp DetailDlg.cpp ProjectMngDlg.cpp ProMngListCtrl.cpp SetAdressDlg.cpp SetPayDlg.cpp sockClient.cpp StaffMngDlg.cpp StaffWriteDlg.cpp Test.cpp UserMngDlg.cpp DayCheckDlg.cpp ProcessDlg.cpp WorkCalDlg.cpp ZheYeDlg.cpp
         common.cpp
         EditSet.cpp
         globle.cpp
     1>..\common\globle.cpp(297): warning C4244: “初始化”: 从“wchar_t”转换到“char”，可能丢失数据
     1>..\common\globle.cpp(336): warning C4305: “return”: 从“int”到“char”截断
     1>..\common\globle.cpp(336): warning C4309: “return”: 截断常量值
     1>..\common\globle.cpp(359): warning C4018: “<”: 有符号/无符号不匹配
     1>..\common\globle.cpp(352): warning C4101: “c”: 未引用的局部变量
     1>..\common\globle.cpp(385): warning C4309: “=”: 截断常量值
     1>..\common\globle.cpp(427): warning C4996: 'sprintf': This function or variable may be unsafe. Consider using sprintf_s instead. To disable deprecation, use _CRT_SECURE_NO_WARNINGS. See online help for details.
                 d:\VS2010\VC\include\stdio.h(371) : 参见“sprintf”的声明
     1>..\common\globle.cpp(434): warning C4996: 'localtime': This function or variable may be unsafe. Consider using localtime_s instead. To disable deprecation, use _CRT_SECURE_NO_WARNINGS. See online help for details.
                 d:\VS2010\VC\include\time.inl(112) : 参见“localtime”的声明
     1>..\common\globle.cpp(435): warning C4996: 'sprintf': This function or variable may be unsafe. Consider using sprintf_s instead. To disable deprecation, use _CRT_SECURE_NO_WARNINGS. See online help for details.
                 d:\VS2010\VC\include\stdio.h(371) : 参见“sprintf”的声明
     1>..\common\globle.cpp(447): warning C4996: 'vsprintf': This function or variable may be unsafe. Consider using vsprintf_s instead. To disable deprecation, use _CRT_SECURE_NO_WARNINGS. See online help for details.
                 d:\VS2010\VC\include\stdio.h(371) : 参见“vsprintf”的声明
     1>..\common\globle.cpp(452): warning C4996: 'localtime': This function or variable may be unsafe. Consider using localtime_s instead. To disable deprecation, use _CRT_SECURE_NO_WARNINGS. See online help for details.
                 d:\VS2010\VC\include\time.inl(112) : 参见“localtime”的声明
     1>..\common\globle.cpp(453): warning C4996: 'fopen': This function or variable may be unsafe. Consider using fopen_s instead. To disable deprecation, use _CRT_SECURE_NO_WARNINGS. See online help for details.
                 d:\VS2010\VC\include\stdio.h(234) : 参见“fopen”的声明
     1>..\common\globle.cpp(459): warning C4996: 'sprintf': This function or variable may be unsafe. Consider using sprintf_s instead. To disable deprecation, use _CRT_SECURE_NO_WARNINGS. See online help for details.
                 d:\VS2010\VC\include\stdio.h(371) : 参见“sprintf”的声明
         AddBookDlg.cpp
     1>d:\payaccountpro\payaccount\payaccount\resource.h(41): warning C4005: “IDC_SIZE”: 宏重定义
                 C:\Program Files (x86)\Microsoft SDKs\Windows\v7.0A\include\winuser.h(8832) : 参见“IDC_SIZE”的前一个定义
         AddProDlg.cpp
     1>d:\payaccountpro\payaccount\payaccount\resource.h(41): warning C4005: “IDC_SIZE”: 宏重定义
                 C:\Program Files (x86)\Microsoft SDKs\Windows\v7.0A\include\winuser.h(8832) : 参见“IDC_SIZE”的前一个定义
         AddStaffDlg.cpp
     1>d:\payaccountpro\payaccount\payaccount\resource.h(41): warning C4005: “IDC_SIZE”: 宏重定义
                 C:\Program Files (x86)\Microsoft SDKs\Windows\v7.0A\include\winuser.h(8832) : 参见“IDC_SIZE”的前一个定义
         AddUserDlg.cpp
     1>d:\payaccountpro\payaccount\payaccount\resource.h(41): warning C4005: “IDC_SIZE”: 宏重定义
                 C:\Program Files (x86)\Microsoft SDKs\Windows\v7.0A\include\winuser.h(8832) : 参见“IDC_SIZE”的前一个定义
         BookMngDlg.cpp
     1>d:\payaccountpro\payaccount\payaccount\resource.h(41): warning C4005: “IDC_SIZE”: 宏重定义
                 C:\Program Files (x86)\Microsoft SDKs\Windows\v7.0A\include\winuser.h(8832) : 参见“IDC_SIZE”的前一个定义
     1>d:\payaccountpro\payaccount\payaccount\PayAccountDlg.h(9): warning C4005: “WM_SOCKMSG”: 宏重定义
                 d:\payaccountpro\payaccount\payaccount\sockClient.h(7) : 参见“WM_SOCKMSG”的前一个定义
     1>BookMngDlg.cpp(223): warning C4996: 'itoa': The POSIX name for this item is deprecated. Instead, use the ISO C++ conformant name: _itoa. See online help for details.
                 d:\VS2010\VC\include\stdlib.h(867) : 参见“itoa”的声明
     1>BookMngDlg.cpp(272): warning C4244: “=”: 从“double”转换到“LONG”，可能丢失数据
     1>BookMngDlg.cpp(273): warning C4244: “=”: 从“double”转换到“LONG”，可能丢失数据
     1>BookMngDlg.cpp(284): warning C4018: “<”: 有符号/无符号不匹配
         DaiNumberPayDlg.cpp
     1>d:\payaccountpro\payaccount\payaccount\resource.h(41): warning C4005: “IDC_SIZE”: 宏重定义
                 C:\Program Files (x86)\Microsoft SDKs\Windows\v7.0A\include\winuser.h(8832) : 参见“IDC_SIZE”的前一个定义
         Detail_ListCtrl.cpp
     1>d:\payaccountpro\payaccount\payaccount\resource.h(41): warning C4005: “IDC_SIZE”: 宏重定义
                 C:\Program Files (x86)\Microsoft SDKs\Windows\v7.0A\include\winuser.h(8832) : 参见“IDC_SIZE”的前一个定义
     1>d:\payaccountpro\payaccount\payaccount\PayAccountDlg.h(9): warning C4005: “WM_SOCKMSG”: 宏重定义
                 d:\payaccountpro\payaccount\payaccount\sockClient.h(7) : 参见“WM_SOCKMSG”的前一个定义
     1>Detail_ListCtrl.cpp(81): warning C4018: “<”: 有符号/无符号不匹配
         DianYePayDlg.cpp
     1>d:\payaccountpro\payaccount\payaccount\resource.h(41): warning C4005: “IDC_SIZE”: 宏重定义
                 C:\Program Files (x86)\Microsoft SDKs\Windows\v7.0A\include\winuser.h(8832) : 参见“IDC_SIZE”的前一个定义
         LockDlg.cpp
     1>d:\payaccountpro\payaccount\payaccount\resource.h(41): warning C4005: “IDC_SIZE”: 宏重定义
                 C:\Program Files (x86)\Microsoft SDKs\Windows\v7.0A\include\winuser.h(8832) : 参见“IDC_SIZE”的前一个定义
         LoginDlg.cpp
     1>d:\payaccountpro\payaccount\payaccount\resource.h(41): warning C4005: “IDC_SIZE”: 宏重定义
                 C:\Program Files (x86)\Microsoft SDKs\Windows\v7.0A\include\winuser.h(8832) : 参见“IDC_SIZE”的前一个定义
         MdfPwdDlg.cpp
     1>d:\payaccountpro\payaccount\payaccount\resource.h(41): warning C4005: “IDC_SIZE”: 宏重定义
                 C:\Program Files (x86)\Microsoft SDKs\Windows\v7.0A\include\winuser.h(8832) : 参见“IDC_SIZE”的前一个定义
         MyListCtrl.cpp
     1>d:\payaccountpro\payaccount\payaccount\resource.h(41): warning C4005: “IDC_SIZE”: 宏重定义
                 C:\Program Files (x86)\Microsoft SDKs\Windows\v7.0A\include\winuser.h(8832) : 参见“IDC_SIZE”的前一个定义
     1>d:\payaccountpro\payaccount\payaccount\PayAccountDlg.h(9): warning C4005: “WM_SOCKMSG”: 宏重定义
                 d:\payaccountpro\payaccount\payaccount\sockClient.h(7) : 参见“WM_SOCKMSG”的前一个定义
     1>MyListCtrl.cpp(228): warning C4018: “<”: 有符号/无符号不匹配
         OtherProDlg.cpp
     1>d:\payaccountpro\payaccount\payaccount\resource.h(41): warning C4005: “IDC_SIZE”: 宏重定义
                 C:\Program Files (x86)\Microsoft SDKs\Windows\v7.0A\include\winuser.h(8832) : 参见“IDC_SIZE”的前一个定义
     1>OtherProDlg.cpp(211): warning C4018: “<”: 有符号/无符号不匹配
     1>OtherProDlg.cpp(248): warning C4996: 'itoa': The POSIX name for this item is deprecated. Instead, use the ISO C++ conformant name: _itoa. See online help for details.
                 d:\VS2010\VC\include\stdlib.h(867) : 参见“itoa”的声明
     1>OtherProDlg.cpp(318): warning C4996: 'itoa': The POSIX name for this item is deprecated. Instead, use the ISO C++ conformant name: _itoa. See online help for details.
                 d:\VS2010\VC\include\stdlib.h(867) : 参见“itoa”的声明
     1>OtherProDlg.cpp(350): warning C4018: “<”: 有符号/无符号不匹配
         OtherProListCtrl.cpp
     1>d:\payaccountpro\payaccount\payaccount\resource.h(41): warning C4005: “IDC_SIZE”: 宏重定义
                 C:\Program Files (x86)\Microsoft SDKs\Windows\v7.0A\include\winuser.h(8832) : 参见“IDC_SIZE”的前一个定义
         PayAccount.cpp
     1>d:\payaccountpro\payaccount\payaccount\resource.h(41): warning C4005: “IDC_SIZE”: 宏重定义
                 C:\Program Files (x86)\Microsoft SDKs\Windows\v7.0A\include\winuser.h(8832) : 参见“IDC_SIZE”的前一个定义
     1>d:\payaccountpro\payaccount\payaccount\PayAccountDlg.h(9): warning C4005: “WM_SOCKMSG”: 宏重定义
                 d:\payaccountpro\payaccount\payaccount\sockClient.h(7) : 参见“WM_SOCKMSG”的前一个定义
     1>d:\payaccountpro\payaccount\payaccount\LoginDlg.h(5): warning C4005: “WM_INITDLG”: 宏重定义
                 d:\payaccountpro\payaccount\payaccount\PayAccountDlg.h(8) : 参见“WM_INITDLG”的前一个定义
         PayAccountDlg.cpp
     1>d:\payaccountpro\payaccount\payaccount\resource.h(41): warning C4005: “IDC_SIZE”: 宏重定义
                 C:\Program Files (x86)\Microsoft SDKs\Windows\v7.0A\include\winuser.h(8832) : 参见“IDC_SIZE”的前一个定义
     1>d:\payaccountpro\payaccount\payaccount\PayAccountDlg.h(9): warning C4005: “WM_SOCKMSG”: 宏重定义
                 d:\payaccountpro\payaccount\payaccount\sockClient.h(7) : 参见“WM_SOCKMSG”的前一个定义
         MonthCheckDlg.cpp
     1>d:\payaccountpro\payaccount\payaccount\resource.h(41): warning C4005: “IDC_SIZE”: 宏重定义
                 C:\Program Files (x86)\Microsoft SDKs\Windows\v7.0A\include\winuser.h(8832) : 参见“IDC_SIZE”的前一个定义
     1>d:\payaccountpro\payaccount\payaccount\PayAccountDlg.h(9): warning C4005: “WM_SOCKMSG”: 宏重定义
                 d:\payaccountpro\payaccount\payaccount\sockClient.h(7) : 参见“WM_SOCKMSG”的前一个定义
     1>MonthCheckDlg.cpp(356): warning C4244: “=”: 从“double”转换到“LONG”，可能丢失数据
     1>MonthCheckDlg.cpp(357): warning C4244: “=”: 从“double”转换到“LONG”，可能丢失数据
     1>MonthCheckDlg.cpp(398): warning C4996: '_itow': This function or variable may be unsafe. Consider using _itow_s instead. To disable deprecation, use _CRT_SECURE_NO_WARNINGS. See online help for details.
                 d:\VS2010\VC\include\wchar.h(866) : 参见“_itow”的声明
     1>MonthCheckDlg.cpp(421): warning C4018: “<”: 有符号/无符号不匹配
     1>MonthCheckDlg.cpp(424): warning C4018: “<”: 有符号/无符号不匹配
         正在编译...
         DetailDlg.cpp
     1>d:\payaccountpro\payaccount\payaccount\resource.h(41): warning C4005: “IDC_SIZE”: 宏重定义
                 C:\Program Files (x86)\Microsoft SDKs\Windows\v7.0A\include\winuser.h(8832) : 参见“IDC_SIZE”的前一个定义
     1>d:\payaccountpro\payaccount\payaccount\PayAccountDlg.h(9): warning C4005: “WM_SOCKMSG”: 宏重定义
                 d:\payaccountpro\payaccount\payaccount\sockClient.h(7) : 参见“WM_SOCKMSG”的前一个定义
     1>DetailDlg.cpp(187): warning C4996: 'itoa': The POSIX name for this item is deprecated. Instead, use the ISO C++ conformant name: _itoa. See online help for details.
                 d:\VS2010\VC\include\stdlib.h(867) : 参见“itoa”的声明
     1>DetailDlg.cpp(219): warning C4996: 'itoa': The POSIX name for this item is deprecated. Instead, use the ISO C++ conformant name: _itoa. See online help for details.
                 d:\VS2010\VC\include\stdlib.h(867) : 参见“itoa”的声明
     1>DetailDlg.cpp(291): warning C4018: “<”: 有符号/无符号不匹配
     1>DetailDlg.cpp(293): warning C4018: “<”: 有符号/无符号不匹配
     1>DetailDlg.cpp(399): warning C4244: “=”: 从“double”转换到“LONG”，可能丢失数据
     1>DetailDlg.cpp(400): warning C4244: “=”: 从“double”转换到“LONG”，可能丢失数据
         ProjectMngDlg.cpp
     1>d:\payaccountpro\payaccount\payaccount\resource.h(41): warning C4005: “IDC_SIZE”: 宏重定义
                 C:\Program Files (x86)\Microsoft SDKs\Windows\v7.0A\include\winuser.h(8832) : 参见“IDC_SIZE”的前一个定义
     1>d:\payaccountpro\payaccount\payaccount\PayAccountDlg.h(9): warning C4005: “WM_SOCKMSG”: 宏重定义
                 d:\payaccountpro\payaccount\payaccount\sockClient.h(7) : 参见“WM_SOCKMSG”的前一个定义
     1>ProjectMngDlg.cpp(158): warning C4996: 'itoa': The POSIX name for this item is deprecated. Instead, use the ISO C++ conformant name: _itoa. See online help for details.
                 d:\VS2010\VC\include\stdlib.h(867) : 参见“itoa”的声明
     1>ProjectMngDlg.cpp(235): warning C4018: “<”: 有符号/无符号不匹配
         ProMngListCtrl.cpp
     1>d:\payaccountpro\payaccount\payaccount\resource.h(41): warning C4005: “IDC_SIZE”: 宏重定义
                 C:\Program Files (x86)\Microsoft SDKs\Windows\v7.0A\include\winuser.h(8832) : 参见“IDC_SIZE”的前一个定义
         SetAdressDlg.cpp
     1>d:\payaccountpro\payaccount\payaccount\resource.h(41): warning C4005: “IDC_SIZE”: 宏重定义
                 C:\Program Files (x86)\Microsoft SDKs\Windows\v7.0A\include\winuser.h(8832) : 参见“IDC_SIZE”的前一个定义
         SetPayDlg.cpp
     1>d:\payaccountpro\payaccount\payaccount\resource.h(41): warning C4005: “IDC_SIZE”: 宏重定义
                 C:\Program Files (x86)\Microsoft SDKs\Windows\v7.0A\include\winuser.h(8832) : 参见“IDC_SIZE”的前一个定义
         sockClient.cpp
     1>sockClient.cpp(199): warning C4996: 'sprintf': This function or variable may be unsafe. Consider using sprintf_s instead. To disable deprecation, use _CRT_SECURE_NO_WARNINGS. See online help for details.
                 d:\VS2010\VC\include\stdio.h(371) : 参见“sprintf”的声明
     1>sockClient.cpp(367): warning C4018: “<”: 有符号/无符号不匹配
         StaffMngDlg.cpp
     1>d:\payaccountpro\payaccount\payaccount\resource.h(41): warning C4005: “IDC_SIZE”: 宏重定义
                 C:\Program Files (x86)\Microsoft SDKs\Windows\v7.0A\include\winuser.h(8832) : 参见“IDC_SIZE”的前一个定义
     1>d:\payaccountpro\payaccount\payaccount\PayAccountDlg.h(9): warning C4005: “WM_SOCKMSG”: 宏重定义
                 d:\payaccountpro\payaccount\payaccount\sockClient.h(7) : 参见“WM_SOCKMSG”的前一个定义
     1>StaffMngDlg.cpp(189): warning C4018: “<”: 有符号/无符号不匹配
         StaffWriteDlg.cpp
     1>d:\payaccountpro\payaccount\payaccount\resource.h(41): warning C4005: “IDC_SIZE”: 宏重定义
                 C:\Program Files (x86)\Microsoft SDKs\Windows\v7.0A\include\winuser.h(8832) : 参见“IDC_SIZE”的前一个定义
     1>d:\payaccountpro\payaccount\payaccount\PayAccountDlg.h(9): warning C4005: “WM_SOCKMSG”: 宏重定义
                 d:\payaccountpro\payaccount\payaccount\sockClient.h(7) : 参见“WM_SOCKMSG”的前一个定义
     1>StaffWriteDlg.cpp(247): warning C4244: “=”: 从“double”转换到“LONG”，可能丢失数据
     1>StaffWriteDlg.cpp(248): warning C4244: “=”: 从“double”转换到“LONG”，可能丢失数据
     1>StaffWriteDlg.cpp(266): warning C4996: 'itoa': The POSIX name for this item is deprecated. Instead, use the ISO C++ conformant name: _itoa. See online help for details.
                 d:\VS2010\VC\include\stdlib.h(867) : 参见“itoa”的声明
     1>StaffWriteDlg.cpp(303): warning C4996: 'itoa': The POSIX name for this item is deprecated. Instead, use the ISO C++ conformant name: _itoa. See online help for details.
                 d:\VS2010\VC\include\stdlib.h(867) : 参见“itoa”的声明
     1>StaffWriteDlg.cpp(387): warning C4018: “<”: 有符号/无符号不匹配
         Test.cpp
     1>d:\payaccountpro\payaccount\payaccount\resource.h(41): warning C4005: “IDC_SIZE”: 宏重定义
                 C:\Program Files (x86)\Microsoft SDKs\Windows\v7.0A\include\winuser.h(8832) : 参见“IDC_SIZE”的前一个定义
     1>d:\payaccountpro\payaccount\payaccount\PayAccountDlg.h(9): warning C4005: “WM_SOCKMSG”: 宏重定义
                 d:\payaccountpro\payaccount\payaccount\sockClient.h(7) : 参见“WM_SOCKMSG”的前一个定义
         UserMngDlg.cpp
     1>d:\payaccountpro\payaccount\payaccount\resource.h(41): warning C4005: “IDC_SIZE”: 宏重定义
                 C:\Program Files (x86)\Microsoft SDKs\Windows\v7.0A\include\winuser.h(8832) : 参见“IDC_SIZE”的前一个定义
     1>UserMngDlg.cpp(191): warning C4018: “<”: 有符号/无符号不匹配
         DayCheckDlg.cpp
     1>d:\payaccountpro\payaccount\payaccount\resource.h(41): warning C4005: “IDC_SIZE”: 宏重定义
                 C:\Program Files (x86)\Microsoft SDKs\Windows\v7.0A\include\winuser.h(8832) : 参见“IDC_SIZE”的前一个定义
     1>d:\payaccountpro\payaccount\payaccount\PayAccountDlg.h(9): warning C4005: “WM_SOCKMSG”: 宏重定义
                 d:\payaccountpro\payaccount\payaccount\sockClient.h(7) : 参见“WM_SOCKMSG”的前一个定义
     1>DayCheckDlg.cpp(344): warning C4996: 'itoa': The POSIX name for this item is deprecated. Instead, use the ISO C++ conformant name: _itoa. See online help for details.
                 d:\VS2010\VC\include\stdlib.h(867) : 参见“itoa”的声明
     1>DayCheckDlg.cpp(363): warning C4996: 'itoa': The POSIX name for this item is deprecated. Instead, use the ISO C++ conformant name: _itoa. See online help for details.
                 d:\VS2010\VC\include\stdlib.h(867) : 参见“itoa”的声明
     1>DayCheckDlg.cpp(483): warning C4018: “<”: 有符号/无符号不匹配
         ProcessDlg.cpp
     1>d:\payaccountpro\payaccount\payaccount\resource.h(41): warning C4005: “IDC_SIZE”: 宏重定义
                 C:\Program Files (x86)\Microsoft SDKs\Windows\v7.0A\include\winuser.h(8832) : 参见“IDC_SIZE”的前一个定义
     1>d:\payaccountpro\payaccount\payaccount\PayAccountDlg.h(9): warning C4005: “WM_SOCKMSG”: 宏重定义
                 d:\payaccountpro\payaccount\payaccount\sockClient.h(7) : 参见“WM_SOCKMSG”的前一个定义
     1>ProcessDlg.cpp(114): warning C4244: “=”: 从“double”转换到“LONG”，可能丢失数据
     1>ProcessDlg.cpp(115): warning C4244: “=”: 从“double”转换到“LONG”，可能丢失数据
     1>ProcessDlg.cpp(133): warning C4996: 'itoa': The POSIX name for this item is deprecated. Instead, use the ISO C++ conformant name: _itoa. See online help for details.
                 d:\VS2010\VC\include\stdlib.h(867) : 参见“itoa”的声明
     1>ProcessDlg.cpp(169): warning C4996: 'itoa': The POSIX name for this item is deprecated. Instead, use the ISO C++ conformant name: _itoa. See online help for details.
                 d:\VS2010\VC\include\stdlib.h(867) : 参见“itoa”的声明
     1>ProcessDlg.cpp(215): warning C4018: “<”: 有符号/无符号不匹配
         WorkCalDlg.cpp
     1>d:\payaccountpro\payaccount\payaccount\resource.h(41): warning C4005: “IDC_SIZE”: 宏重定义
                 C:\Program Files (x86)\Microsoft SDKs\Windows\v7.0A\include\winuser.h(8832) : 参见“IDC_SIZE”的前一个定义
     1>d:\payaccountpro\payaccount\payaccount\PayAccountDlg.h(9): warning C4005: “WM_SOCKMSG”: 宏重定义
                 d:\payaccountpro\payaccount\payaccount\sockClient.h(7) : 参见“WM_SOCKMSG”的前一个定义
     1>WorkCalDlg.cpp(197): warning C4244: “=”: 从“double”转换到“LONG”，可能丢失数据
     1>WorkCalDlg.cpp(198): warning C4244: “=”: 从“double”转换到“LONG”，可能丢失数据
         ZheYeDlg.cpp
     1>d:\payaccountpro\payaccount\payaccount\resource.h(41): warning C4005: “IDC_SIZE”: 宏重定义
                 C:\Program Files (x86)\Microsoft SDKs\Windows\v7.0A\include\winuser.h(8832) : 参见“IDC_SIZE”的前一个定义
       ResourceCompile:
         C:\Program Files (x86)\Microsoft SDKs\Windows\v7.0A\bin\rc.exe /D NDEBUG /D _UNICODE /D UNICODE /l"0x0804" /IRelease\ /nologo /fo"Release\PayAccount.res" PayAccount.rc 
       Link:
         d:\VS2010\VC\bin\link.exe /ERRORREPORT:PROMPT /OUT:"D:\PayAccountPro\PayAccount\Release\PayAccount.exe" /INCREMENTAL:NO /NOLOGO /LIBPATH:D:\PayAccountPro\PayAccount\PayAccount\/lib /LIBPATH:D:\PayAccountPro\PayAccount\PayAccount\jsonCpp\lib /MANIFEST /ManifestFile:"Release\PayAccount.exe.intermediate.manifest" /MANIFESTUAC:"level='asInvoker' uiAccess='false'" /DEBUG /PDB:"D:\PayAccountPro\PayAccount\Release\PayAccount.pdb" /SUBSYSTEM:WINDOWS /OPT:REF /OPT:ICF /LTCG /TLBID:1 /ENTRY:"wWinMainCRTStartup" /DYNAMICBASE /NXCOMPAT /IMPLIB:"D:\PayAccountPro\PayAccount\Release\PayAccount.lib" /MACHINE:X86 Release\PayAccount.res
         Release\common.obj
         Release\EditSet.obj
         Release\globle.obj
         Release\AddBookDlg.obj
         Release\AddProDlg.obj
         Release\AddStaffDlg.obj
         Release\AddUserDlg.obj
         Release\BookMngDlg.obj
         Release\DaiNumberPayDlg.obj
         Release\Detail_ListCtrl.obj
         Release\DianYePayDlg.obj
         Release\LockDlg.obj
         Release\LoginDlg.obj
         Release\MdfPwdDlg.obj
         Release\MyListCtrl.obj
         Release\OtherProDlg.obj
         Release\OtherProListCtrl.obj
         Release\PayAccount.obj
         Release\PayAccountDlg.obj
         Release\MonthCheckDlg.obj
         Release\DetailDlg.obj
         Release\ProjectMngDlg.obj
         Release\ProMngListCtrl.obj
         Release\SetAdressDlg.obj
         Release\SetPayDlg.obj
         Release\sockClient.obj
         Release\StaffMngDlg.obj
         Release\StaffWriteDlg.obj
         Release\stdafx.obj
         Release\Test.obj
         Release\UserMngDlg.obj
         Release\DayCheckDlg.obj
         Release\ProcessDlg.obj
         Release\WorkCalDlg.obj
         Release\ZheYeDlg.obj
         正在生成代码
         已完成代码的生成
     1>json_vc71_libmt.lib(json_reader.obj) : warning LNK4099: 未找到 PDB“vc100.pdb”(使用“json_vc71_libmt.lib(json_reader.obj)”或在“D:\PayAccountPro\PayAccount\Release\vc100.pdb”中寻找)；正在链接对象，如同没有调试信息一样
     1>json_vc71_libmt.lib(json_value.obj) : warning LNK4099: 未找到 PDB“vc100.pdb”(使用“json_vc71_libmt.lib(json_value.obj)”或在“D:\PayAccountPro\PayAccount\Release\vc100.pdb”中寻找)；正在链接对象，如同没有调试信息一样
     1>json_vc71_libmt.lib(json_writer.obj) : warning LNK4099: 未找到 PDB“vc100.pdb”(使用“json_vc71_libmt.lib(json_writer.obj)”或在“D:\PayAccountPro\PayAccount\Release\vc100.pdb”中寻找)；正在链接对象，如同没有调试信息一样
         PayAccount.vcxproj -> D:\PayAccountPro\PayAccount\Release\PayAccount.exe
       Manifest:
         C:\Program Files (x86)\Microsoft SDKs\Windows\v7.0A\bin\mt.exe /nologo /verbose /outputresource:"D:\PayAccountPro\PayAccount\Release\PayAccount.exe;#1" /manifest Release\PayAccount.exe.intermediate.manifest d:\VS2010\VC\Include\Manifest\dpiaware.manifest
       FinalizeBuildStatus:
         正在删除文件“Release\PayAccount.unsuccessfulbuild”。
         正在对“Release\PayAccount.lastbuildstate”执行 Touch 任务。
     1>已完成生成项目“D:\PayAccountPro\PayAccount\PayAccount\PayAccount.vcxproj”(rebuild 个目标)的操作。

生成成功。

已用时间 00:00:11.55
